<?xml version="1.0" encoding="UTF-8"?>
<testsuite name="org.dashbuilder.dataset.AggregateFunctionTest" time="0.045" tests="6" errors="0" skipped="0" failures="0">
  <properties>
    <property name="java.runtime.name" value="Java(TM) SE Runtime Environment"/>
    <property name="sun.boot.library.path" value="/usr/java/jdk1.7.0_25/jre/lib/amd64"/>
    <property name="java.vm.version" value="23.25-b01"/>
    <property name="java.vm.vendor" value="Oracle Corporation"/>
    <property name="java.vendor.url" value="http://java.oracle.com/"/>
    <property name="path.separator" value=":"/>
    <property name="guice.disable.misplaced.annotation.check" value="true"/>
    <property name="java.vm.name" value="Java HotSpot(TM) 64-Bit Server VM"/>
    <property name="file.encoding.pkg" value="sun.io"/>
    <property name="user.country" value="US"/>
    <property name="sun.java.launcher" value="SUN_STANDARD"/>
    <property name="sun.os.patch.level" value="unknown"/>
    <property name="java.vm.specification.name" value="Java Virtual Machine Specification"/>
    <property name="user.dir" value="/home/kiereleaseuser/droolsjbpm/forks/dashbuilder"/>
    <property name="java.runtime.version" value="1.7.0_25-b15"/>
    <property name="java.awt.graphicsenv" value="sun.awt.X11GraphicsEnvironment"/>
    <property name="java.endorsed.dirs" value="/usr/java/jdk1.7.0_25/jre/lib/endorsed"/>
    <property name="os.arch" value="amd64"/>
    <property name="java.io.tmpdir" value="/tmp"/>
    <property name="line.separator" value="&#10;"/>
    <property name="java.vm.specification.vendor" value="Oracle Corporation"/>
    <property name="gwt-plugin.localWorkers" value="&apos;3&apos;"/>
    <property name="os.name" value="Linux"/>
    <property name="classworlds.conf" value="/usr/local/maven/bin/m2.conf"/>
    <property name="sun.jnu.encoding" value="UTF-8"/>
    <property name="java.library.path" value="/usr/lib64/nx/X11/Xinerama:/usr/lib64/nx/X11:/usr/java/packages/lib/amd64:/usr/lib64:/lib64:/lib:/usr/lib"/>
    <property name="java.specification.name" value="Java Platform API Specification"/>
    <property name="java.class.version" value="51.0"/>
    <property name="sun.management.compiler" value="HotSpot 64-Bit Tiered Compilers"/>
    <property name="os.version" value="2.6.32-504.8.1.el6.x86_64"/>
    <property name="user.home" value="/home/kiereleaseuser"/>
    <property name="user.timezone" value="Europe/Prague"/>
    <property name="java.awt.printerjob" value="sun.print.PSPrinterJob"/>
    <property name="file.encoding" value="UTF-8"/>
    <property name="java.specification.version" value="1.7"/>
    <property name="user.name" value="kiereleaseuser"/>
    <property name="java.class.path" value="/usr/local/maven/boot/plexus-classworlds-2.5.1.jar"/>
    <property name="java.vm.specification.version" value="1.7"/>
    <property name="sun.arch.data.model" value="64"/>
    <property name="java.home" value="/usr/java/jdk1.7.0_25/jre"/>
    <property name="sun.java.command" value="org.codehaus.plexus.classworlds.launcher.Launcher clean install -Dfull"/>
    <property name="java.specification.vendor" value="Oracle Corporation"/>
    <property name="user.language" value="en"/>
    <property name="awt.toolkit" value="sun.awt.X11.XToolkit"/>
    <property name="java.vm.info" value="mixed mode"/>
    <property name="java.version" value="1.7.0_25"/>
    <property name="java.ext.dirs" value="/usr/java/jdk1.7.0_25/jre/lib/ext:/usr/java/packages/lib/ext"/>
    <property name="securerandom.source" value="file:/dev/./urandom"/>
    <property name="sun.boot.class.path" value="/usr/java/jdk1.7.0_25/jre/lib/resources.jar:/usr/java/jdk1.7.0_25/jre/lib/rt.jar:/usr/java/jdk1.7.0_25/jre/lib/sunrsasign.jar:/usr/java/jdk1.7.0_25/jre/lib/jsse.jar:/usr/java/jdk1.7.0_25/jre/lib/jce.jar:/usr/java/jdk1.7.0_25/jre/lib/charsets.jar:/usr/java/jdk1.7.0_25/jre/lib/jfr.jar:/usr/java/jdk1.7.0_25/jre/classes"/>
    <property name="java.vendor" value="Oracle Corporation"/>
    <property name="maven.home" value="/usr/local/maven"/>
    <property name="file.separator" value="/"/>
    <property name="java.vendor.url.bug" value="http://bugreport.sun.com/bugreport/"/>
    <property name="sun.cpu.endian" value="little"/>
    <property name="sun.io.unicode.encoding" value="UnicodeLittle"/>
    <property name="full" value="true"/>
    <property name="sun.desktop" value="gnome"/>
    <property name="sun.cpu.isalist" value=""/>
  </properties>
  <testcase name="testCountFunction" classname="org.dashbuilder.dataset.AggregateFunctionTest" time="0.011"/>
  <testcase name="testMaxFunction" classname="org.dashbuilder.dataset.AggregateFunctionTest" time="0.007"/>
  <testcase name="testSumFunction" classname="org.dashbuilder.dataset.AggregateFunctionTest" time="0.007"/>
  <testcase name="testAvgFunction" classname="org.dashbuilder.dataset.AggregateFunctionTest" time="0.007"/>
  <testcase name="testDistinctFunction" classname="org.dashbuilder.dataset.AggregateFunctionTest" time="0.007"/>
  <testcase name="testMinFunction" classname="org.dashbuilder.dataset.AggregateFunctionTest" time="0.006"/>
</testsuite>